#
# There is insufficient memory for the Java Runtime Environment to continue.
# Native memory allocation (malloc) failed to allocate 32744 bytes for Chunk::new
# Possible reasons:
#   The system is out of physical RAM or swap space
#   The process is running with CompressedOops enabled, and the Java Heap may be blocking the growth of the native heap
# Possible solutions:
#   Reduce memory load on the system
#   Increase physical memory or swap space
#   Check if swap backing store is full
#   Decrease Java heap size (-Xmx/-Xms)
#   Decrease number of Java threads
#   Decrease Java thread stack sizes (-Xss)
#   Set larger code cache with -XX:ReservedCodeCacheSize=
#   JVM is running with Unscaled Compressed Oops mode in which the Java heap is
#     placed in the first 4GB address space. The Java Heap base address is the
#     maximum limit for the native heap growth. Please use -XX:HeapBaseMinAddress
#     to set the Java Heap base and to place the Java Heap above 4GB virtual address.
# This output file may be truncated or incomplete.
#
#  Out of Memory Error (arena.cpp:184), pid=6044, tid=20960
#
# JRE version: Java(TM) SE Runtime Environment (18.0.1.1+2) (build 18.0.1.1+2-6)
# Java VM: Java HotSpot(TM) 64-Bit Server VM (18.0.1.1+2-6, mixed mode, sharing, tiered, compressed oops, compressed class ptrs, g1 gc, windows-amd64)
# No core dump will be written. Minidumps are not enabled by default on client versions of Windows
#

---------------  S U M M A R Y ------------

Command Line: -Dfile.encoding=UTF-8 -XX:+ShowCodeDetailsInExceptionMessages cucumber.api.cli.Main C:/Users/shilp/eclipse-workspace/New folder/Test/src/test/java/Features/highest_price.feature --glue classpath: --plugin pretty --monochrome

Host: Intel(R) Core(TM) i5-6300U CPU @ 2.40GHz, 4 cores, 3G,  Windows 10 , 64 bit Build 19041 (10.0.19041.1645)
Time: Fri May 13 18:54:16 2022 GMT Summer Time elapsed time: 23.691427 seconds (0d 0h 0m 23s)

---------------  T H R E A D  ---------------

Current thread (0x000001cbc3b0cfb0):  JavaThread "C1 CompilerThread0" daemon [_thread_in_native, id=20960, stack(0x000000a025e00000,0x000000a025f00000)]


Current CompileTask:
C1:  23691 2372       3       java.util.regex.Pattern::escape (1327 bytes)

Stack: [0x000000a025e00000,0x000000a025f00000]
Native frames: (J=compiled Java code, j=interpreted, Vv=VM code, C=native code)
V  [jvm.dll+0x69887a]
V  [jvm.dll+0x7f38bd]
V  [jvm.dll+0x7f51ce]
V  [jvm.dll+0x7f5883]
V  [jvm.dll+0x25ca3f]
V  [jvm.dll+0xb8c2f]
V  [jvm.dll+0xb8fa5]
V  [jvm.dll+0x131175]
V  [jvm.dll+0x195ae6]
V  [jvm.dll+0x19756d]
V  [jvm.dll+0x196bfb]
V  [jvm.dll+0x15e36b]
V  [jvm.dll+0x1484b8]
V  [jvm.dll+0x148640]
V  [jvm.dll+0x148926]
V  [jvm.dll+0x147d9a]
V  [jvm.dll+0x149a81]
V  [jvm.dll+0x23e8ca]
V  [jvm.dll+0x23cbb5]
V  [jvm.dll+0x7a5fb1]
V  [jvm.dll+0x7a03ea]
V  [jvm.dll+0x697725]
C  [ucrtbase.dll+0x21bb2]
C  [KERNEL32.DLL+0x17034]
C  [ntdll.dll+0x52651]


---------------  P R O C E S S  ---------------

Threads class SMR info:
_java_thread_list=0x000001cbc7e11670, length=23, elements={
0x000001cba6913950, 0x000001cba69b2ee0, 0x000001cba69b3c80, 0x000001cba69ca1a0,
0x000001cba69cbb50, 0x000001cba69cc4f0, 0x000001cba69ccfd0, 0x000001cbc3b08760,
0x000001cbc3b0cfb0, 0x000001cbc3b77060, 0x000001cbc7d62c00, 0x000001cbc7d73fe0,
0x000001cbc8bd2c60, 0x000001cbc8e40dc0, 0x000001cbc91e1040, 0x000001cbc8e5a810,
0x000001cbc8e5acd0, 0x000001cbc9250ba0, 0x000001cbc9251060, 0x000001cbc9185110,
0x000001cbc92c1310, 0x000001cbc92c2b20, 0x000001cbc92c2180
}

Java Threads: ( => current thread )
  0x000001cba6913950 JavaThread "Forwarding findElement on session 167513d143ee57c6ce46336e821e112f to remote" [_thread_blocked, id=14028, stack(0x000000a025000000,0x000000a025100000)]
  0x000001cba69b2ee0 JavaThread "Reference Handler" daemon [_thread_blocked, id=17544, stack(0x000000a025700000,0x000000a025800000)]
  0x000001cba69b3c80 JavaThread "Finalizer" daemon [_thread_blocked, id=20504, stack(0x000000a025800000,0x000000a025900000)]
  0x000001cba69ca1a0 JavaThread "Signal Dispatcher" daemon [_thread_blocked, id=5404, stack(0x000000a025900000,0x000000a025a00000)]
  0x000001cba69cbb50 JavaThread "Attach Listener" daemon [_thread_blocked, id=9536, stack(0x000000a025a00000,0x000000a025b00000)]
  0x000001cba69cc4f0 JavaThread "Service Thread" daemon [_thread_blocked, id=14872, stack(0x000000a025b00000,0x000000a025c00000)]
  0x000001cba69ccfd0 JavaThread "Monitor Deflation Thread" daemon [_thread_blocked, id=18256, stack(0x000000a025c00000,0x000000a025d00000)]
  0x000001cbc3b08760 JavaThread "C2 CompilerThread0" daemon [_thread_blocked, id=2496, stack(0x000000a025d00000,0x000000a025e00000)]
=>0x000001cbc3b0cfb0 JavaThread "C1 CompilerThread0" daemon [_thread_in_native, id=20960, stack(0x000000a025e00000,0x000000a025f00000)]
  0x000001cbc3b77060 JavaThread "Sweeper thread" daemon [_thread_blocked, id=15076, stack(0x000000a025f00000,0x000000a026000000)]
  0x000001cbc7d62c00 JavaThread "Notification Thread" daemon [_thread_blocked, id=10788, stack(0x000000a026000000,0x000000a026100000)]
  0x000001cbc7d73fe0 JavaThread "Common-Cleaner" daemon [_thread_blocked, id=18076, stack(0x000000a026200000,0x000000a026300000)]
  0x000001cbc8bd2c60 JavaThread "ForkJoinPool.commonPool-worker-1" daemon [_thread_blocked, id=20948, stack(0x000000a026600000,0x000000a026700000)]
  0x000001cbc8e40dc0 JavaThread "AsyncHttpClient-1-1" daemon [_thread_blocked, id=20004, stack(0x000000a026700000,0x000000a026800000)]
  0x000001cbc91e1040 JavaThread "Exec Default Executor" daemon [_thread_in_native, id=3256, stack(0x000000a026800000,0x000000a026900000)]
  0x000001cbc8e5a810 JavaThread "Driver Service Executor" daemon [_thread_blocked, id=16460, stack(0x000000a026900000,0x000000a026a00000)]
  0x000001cbc8e5acd0 JavaThread "Driver Service Executor" daemon [_thread_blocked, id=18844, stack(0x000000a026a00000,0x000000a026b00000)]
  0x000001cbc9250ba0 JavaThread "UrlChecker-2" daemon [_thread_blocked, id=18912, stack(0x000000a026b00000,0x000000a026c00000)]
  0x000001cbc9251060 JavaThread "Exec Stream Pumper" daemon [_thread_in_native, id=21372, stack(0x000000a026d00000,0x000000a026e00000)]
  0x000001cbc9185110 JavaThread "Exec Stream Pumper" daemon [_thread_in_native, id=15140, stack(0x000000a026e00000,0x000000a026f00000)]
  0x000001cbc92c1310 JavaThread "AsyncHttpClient-1-2" daemon [_thread_in_native, id=1452, stack(0x000000a027000000,0x000000a027100000)]
  0x000001cbc92c2b20 JavaThread "AsyncHttpClient-1-3" daemon [_thread_in_native, id=8776, stack(0x000000a026f00000,0x000000a027000000)]
  0x000001cbc92c2180 JavaThread "AsyncHttpClient-1-4" daemon [_thread_in_native, id=21424, stack(0x000000a027100000,0x000000a027200000)]

Other Threads:
  0x000001cba696a6d0 VMThread "VM Thread" [stack: 0x000000a025600000,0x000000a025700000] [id=8080]
  0x000001cbc7d66320 WatcherThread "VM Periodic Task Thread" [stack: 0x000000a026100000,0x000000a026200000] [id=21840]
  0x000001cba6954170 WorkerThread "GC Thread#0" [stack: 0x000000a025100000,0x000000a025200000] [id=20028]
  0x000001cbc846acb0 WorkerThread "GC Thread#1" [stack: 0x000000a026300000,0x000000a026400000] [id=21208]
  0x000001cbc841a930 WorkerThread "GC Thread#2" [stack: 0x000000a026400000,0x000000a026500000] [id=22260]
  0x000001cbc841abd0 WorkerThread "GC Thread#3" [stack: 0x000000a026500000,0x000000a026600000] [id=13708]
  0x000001cba695d4c0 ConcurrentGCThread "G1 Main Marker" [stack: 0x000000a025200000,0x000000a025300000] [id=14140]
  0x000001cba695deb0 WorkerThread "G1 Conc#0" [stack: 0x000000a025300000,0x000000a025400000] [id=21264]
  0x000001cba698d9d0 ConcurrentGCThread "G1 Refine#0" [stack: 0x000000a025400000,0x000000a025500000] [id=6024]
  0x000001cba698e2e0 ConcurrentGCThread "G1 Service" [stack: 0x000000a025500000,0x000000a025600000] [id=17680]

Threads with active compile tasks:
C1 CompilerThread0    23756 2372       3       java.util.regex.Pattern::escape (1327 bytes)

VM state: not at safepoint (normal execution)

VM Mutex/Monitor currently owned by a thread: None

Heap address: 0x00000000c1c00000, size: 996 MB, Compressed Oops mode: 32-bit

CDS archive(s) mapped at: [0x0000000800000000-0x0000000800ba0000-0x0000000800ba0000), size 12189696, SharedBaseAddress: 0x0000000800000000, ArchiveRelocationMode: 0.
Compressed class space mapped at: 0x0000000800c00000-0x0000000840c00000, reserved size: 1073741824
Narrow klass base: 0x0000000800000000, Narrow klass shift: 0, Narrow klass range: 0x100000000

GC Precious Log:
 CardTable entry size: 512
 Card Set container configuration: InlinePtr #cards 5 size 8 Array Of Cards #cards 12 size 40 Howl #buckets 4 coarsen threshold 1843 Howl Bitmap #cards 512 size 80 coarsen threshold 460 Card regions per heap region 1 cards per card region 2048
 CPUs: 4 total, 4 available
 Memory: 3983M
 Large Page Support: Disabled
 NUMA Support: Disabled
 Compressed Oops: Enabled (32-bit)
 Heap Region Size: 1M
 Heap Min Capacity: 8M
 Heap Initial Capacity: 64M
 Heap Max Capacity: 996M
 Pre-touch: Disabled
 Parallel Workers: 4
 Concurrent Workers: 1
 Concurrent Refinement Workers: 4
 Periodic GC: Disabled

Heap:
 garbage-first heap   total 65536K, used 22548K [0x00000000c1c00000, 0x0000000100000000)
  region size 1024K, 7 young (7168K), 3 survivors (3072K)
 Metaspace       used 20560K, committed 20736K, reserved 1114112K
  class space    used 2591K, committed 2688K, reserved 1048576K

Heap Regions: E=young(eden), S=young(survivor), O=old, HS=humongous(starts), HC=humongous(continues), CS=collection set, F=free, OA=open archive, CA=closed archive, TAMS=top-at-mark-start (previous, next)
|   0|0x00000000c1c00000, 0x00000000c1d00000, 0x00000000c1d00000|100%|HS|  |TAMS 0x00000000c1c00000, 0x00000000c1c00000| Complete 
|   1|0x00000000c1d00000, 0x00000000c1e00000, 0x00000000c1e00000|100%|HC|  |TAMS 0x00000000c1d00000, 0x00000000c1d00000| Complete 
|   2|0x00000000c1e00000, 0x00000000c1f00000, 0x00000000c1f00000|100%| O|  |TAMS 0x00000000c1e00000, 0x00000000c1e00000| Untracked 
|   3|0x00000000c1f00000, 0x00000000c2000000, 0x00000000c2000000|100%| O|  |TAMS 0x00000000c1f00000, 0x00000000c1f00000| Untracked 
|   4|0x00000000c2000000, 0x00000000c2100000, 0x00000000c2100000|100%| O|  |TAMS 0x00000000c2000000, 0x00000000c2000000| Untracked 
|   5|0x00000000c2100000, 0x00000000c2200000, 0x00000000c2200000|100%| O|  |TAMS 0x00000000c2100000, 0x00000000c2100000| Untracked 
|   6|0x00000000c2200000, 0x00000000c2300000, 0x00000000c2300000|100%| O|  |TAMS 0x00000000c2200000, 0x00000000c2200000| Untracked 
|   7|0x00000000c2300000, 0x00000000c2400000, 0x00000000c2400000|100%| O|  |TAMS 0x00000000c2300000, 0x00000000c2300000| Untracked 
|   8|0x00000000c2400000, 0x00000000c2500000, 0x00000000c2500000|100%| O|  |TAMS 0x00000000c2400000, 0x00000000c2400000| Untracked 
|   9|0x00000000c2500000, 0x00000000c2600000, 0x00000000c2600000|100%| O|  |TAMS 0x00000000c2500000, 0x00000000c2500000| Untracked 
|  10|0x00000000c2600000, 0x00000000c2700000, 0x00000000c2700000|100%|HS|  |TAMS 0x00000000c2600000, 0x00000000c2600000| Complete 
|  11|0x00000000c2700000, 0x00000000c2800000, 0x00000000c2800000|100%|HC|  |TAMS 0x00000000c2700000, 0x00000000c2700000| Complete 
|  12|0x00000000c2800000, 0x00000000c2900000, 0x00000000c2900000|100%|HC|  |TAMS 0x00000000c2800000, 0x00000000c2800000| Complete 
|  13|0x00000000c2900000, 0x00000000c2a00000, 0x00000000c2a00000|100%|HC|  |TAMS 0x00000000c2900000, 0x00000000c2900000| Complete 
|  14|0x00000000c2a00000, 0x00000000c2b00000, 0x00000000c2b00000|100%|HC|  |TAMS 0x00000000c2a00000, 0x00000000c2a00000| Complete 
|  15|0x00000000c2b00000, 0x00000000c2c00000, 0x00000000c2c00000|100%| O|  |TAMS 0x00000000c2b00000, 0x00000000c2b00000| Untracked 
|  16|0x00000000c2c00000, 0x00000000c2c77000, 0x00000000c2d00000| 46%| O|  |TAMS 0x00000000c2c00000, 0x00000000c2c00000| Untracked 
|  17|0x00000000c2d00000, 0x00000000c2d00000, 0x00000000c2e00000|  0%| F|  |TAMS 0x00000000c2d00000, 0x00000000c2d00000| Untracked 
|  18|0x00000000c2e00000, 0x00000000c2e00000, 0x00000000c2f00000|  0%| F|  |TAMS 0x00000000c2e00000, 0x00000000c2e00000| Untracked 
|  19|0x00000000c2f00000, 0x00000000c2f00000, 0x00000000c3000000|  0%| F|  |TAMS 0x00000000c2f00000, 0x00000000c2f00000| Untracked 
|  20|0x00000000c3000000, 0x00000000c3000000, 0x00000000c3100000|  0%| F|  |TAMS 0x00000000c3000000, 0x00000000c3000000| Untracked 
|  21|0x00000000c3100000, 0x00000000c3100000, 0x00000000c3200000|  0%| F|  |TAMS 0x00000000c3100000, 0x00000000c3100000| Untracked 
|  22|0x00000000c3200000, 0x00000000c3200000, 0x00000000c3300000|  0%| F|  |TAMS 0x00000000c3200000, 0x00000000c3200000| Untracked 
|  23|0x00000000c3300000, 0x00000000c3300000, 0x00000000c3400000|  0%| F|  |TAMS 0x00000000c3300000, 0x00000000c3300000| Untracked 
|  24|0x00000000c3400000, 0x00000000c3400000, 0x00000000c3500000|  0%| F|  |TAMS 0x00000000c3400000, 0x00000000c3400000| Untracked 
|  25|0x00000000c3500000, 0x00000000c3500000, 0x00000000c3600000|  0%| F|  |TAMS 0x00000000c3500000, 0x00000000c3500000| Untracked 
|  26|0x00000000c3600000, 0x00000000c3600000, 0x00000000c3700000|  0%| F|  |TAMS 0x00000000c3600000, 0x00000000c3600000| Untracked 
|  27|0x00000000c3700000, 0x00000000c3700000, 0x00000000c3800000|  0%| F|  |TAMS 0x00000000c3700000, 0x00000000c3700000| Untracked 
|  28|0x00000000c3800000, 0x00000000c3800000, 0x00000000c3900000|  0%| F|  |TAMS 0x00000000c3800000, 0x00000000c3800000| Untracked 
|  29|0x00000000c3900000, 0x00000000c3900000, 0x00000000c3a00000|  0%| F|  |TAMS 0x00000000c3900000, 0x00000000c3900000| Untracked 
|  30|0x00000000c3a00000, 0x00000000c3a00000, 0x00000000c3b00000|  0%| F|  |TAMS 0x00000000c3a00000, 0x00000000c3a00000| Untracked 
|  31|0x00000000c3b00000, 0x00000000c3b00000, 0x00000000c3c00000|  0%| F|  |TAMS 0x00000000c3b00000, 0x00000000c3b00000| Untracked 
|  32|0x00000000c3c00000, 0x00000000c3c8e170, 0x00000000c3d00000| 55%| S|CS|TAMS 0x00000000c3c00000, 0x00000000c3c00000| Complete 
|  33|0x00000000c3d00000, 0x00000000c3e00000, 0x00000000c3e00000|100%| S|CS|TAMS 0x00000000c3d00000, 0x00000000c3d00000| Complete 
|  34|0x00000000c3e00000, 0x00000000c3f00000, 0x00000000c3f00000|100%| S|CS|TAMS 0x00000000c3e00000, 0x00000000c3e00000| Complete 
|  35|0x00000000c3f00000, 0x00000000c3f00000, 0x00000000c4000000|  0%| F|  |TAMS 0x00000000c3f00000, 0x00000000c3f00000| Untracked 
|  36|0x00000000c4000000, 0x00000000c4000000, 0x00000000c4100000|  0%| F|  |TAMS 0x00000000c4000000, 0x00000000c4000000| Untracked 
|  37|0x00000000c4100000, 0x00000000c4100000, 0x00000000c4200000|  0%| F|  |TAMS 0x00000000c4100000, 0x00000000c4100000| Untracked 
|  38|0x00000000c4200000, 0x00000000c4200000, 0x00000000c4300000|  0%| F|  |TAMS 0x00000000c4200000, 0x00000000c4200000| Untracked 
|  39|0x00000000c4300000, 0x00000000c4300000, 0x00000000c4400000|  0%| F|  |TAMS 0x00000000c4300000, 0x00000000c4300000| Untracked 
|  40|0x00000000c4400000, 0x00000000c4400000, 0x00000000c4500000|  0%| F|  |TAMS 0x00000000c4400000, 0x00000000c4400000| Untracked 
|  41|0x00000000c4500000, 0x00000000c4500000, 0x00000000c4600000|  0%| F|  |TAMS 0x00000000c4500000, 0x00000000c4500000| Untracked 
|  42|0x00000000c4600000, 0x00000000c4600000, 0x00000000c4700000|  0%| F|  |TAMS 0x00000000c4600000, 0x00000000c4600000| Untracked 
|  43|0x00000000c4700000, 0x00000000c4700000, 0x00000000c4800000|  0%| F|  |TAMS 0x00000000c4700000, 0x00000000c4700000| Untracked 
|  44|0x00000000c4800000, 0x00000000c4800000, 0x00000000c4900000|  0%| F|  |TAMS 0x00000000c4800000, 0x00000000c4800000| Untracked 
|  45|0x00000000c4900000, 0x00000000c4900000, 0x00000000c4a00000|  0%| F|  |TAMS 0x00000000c4900000, 0x00000000c4900000| Untracked 
|  46|0x00000000c4a00000, 0x00000000c4a00000, 0x00000000c4b00000|  0%| F|  |TAMS 0x00000000c4a00000, 0x00000000c4a00000| Untracked 
|  47|0x00000000c4b00000, 0x00000000c4b00000, 0x00000000c4c00000|  0%| F|  |TAMS 0x00000000c4b00000, 0x00000000c4b00000| Untracked 
|  48|0x00000000c4c00000, 0x00000000c4c00000, 0x00000000c4d00000|  0%| F|  |TAMS 0x00000000c4c00000, 0x00000000c4c00000| Untracked 
|  49|0x00000000c4d00000, 0x00000000c4d00000, 0x00000000c4e00000|  0%| F|  |TAMS 0x00000000c4d00000, 0x00000000c4d00000| Untracked 
|  50|0x00000000c4e00000, 0x00000000c4e00000, 0x00000000c4f00000|  0%| F|  |TAMS 0x00000000c4e00000, 0x00000000c4e00000| Untracked 
|  51|0x00000000c4f00000, 0x00000000c4f00000, 0x00000000c5000000|  0%| F|  |TAMS 0x00000000c4f00000, 0x00000000c4f00000| Untracked 
|  52|0x00000000c5000000, 0x00000000c5000000, 0x00000000c5100000|  0%| F|  |TAMS 0x00000000c5000000, 0x00000000c5000000| Untracked 
|  53|0x00000000c5100000, 0x00000000c5100000, 0x00000000c5200000|  0%| F|  |TAMS 0x00000000c5100000, 0x00000000c5100000| Untracked 
|  54|0x00000000c5200000, 0x00000000c5200000, 0x00000000c5300000|  0%| F|  |TAMS 0x00000000c5200000, 0x00000000c5200000| Untracked 
|  55|0x00000000c5300000, 0x00000000c5300000, 0x00000000c5400000|  0%| F|  |TAMS 0x00000000c5300000, 0x00000000c5300000| Untracked 
|  56|0x00000000c5400000, 0x00000000c5400000, 0x00000000c5500000|  0%| F|  |TAMS 0x00000000c5400000, 0x00000000c5400000| Untracked 
|  57|0x00000000c5500000, 0x00000000c5500000, 0x00000000c5600000|  0%| F|  |TAMS 0x00000000c5500000, 0x00000000c5500000| Untracked 
|  58|0x00000000c5600000, 0x00000000c5600000, 0x00000000c5700000|  0%| F|  |TAMS 0x00000000c5600000, 0x00000000c5600000| Untracked 
|  59|0x00000000c5700000, 0x00000000c5700000, 0x00000000c5800000|  0%| F|  |TAMS 0x00000000c5700000, 0x00000000c5700000| Untracked 
|  60|0x00000000c5800000, 0x00000000c58bb4c8, 0x00000000c5900000| 73%| E|  |TAMS 0x00000000c5800000, 0x00000000c5800000| Complete 
|  61|0x00000000c5900000, 0x00000000c5a00000, 0x00000000c5a00000|100%| E|CS|TAMS 0x00000000c5900000, 0x00000000c5900000| Complete 
|  62|0x00000000c5a00000, 0x00000000c5b00000, 0x00000000c5b00000|100%| E|CS|TAMS 0x00000000c5a00000, 0x00000000c5a00000| Complete 
|  63|0x00000000c5b00000, 0x00000000c5c00000, 0x00000000c5c00000|100%| E|CS|TAMS 0x00000000c5b00000, 0x00000000c5b00000| Complete 

Card table byte_map: [0x000001cbbf240000,0x000001cbbf440000] _byte_map_base: 0x000001cbbec32000

Marking Bits (Prev, Next): (CMBitMap*) 0x000001cba6954770, (CMBitMap*) 0x000001cba69547b0
 Prev Bits: [0x000001cbbf640000, 0x000001cbc05d0000)
 Next Bits: [0x000001cbc05d0000, 0x000001cbc1560000)

Polling page: 0x000001cba69d0000

Metaspace:

Usage:
  Non-class:     17.55 MB used.
      Class:      2.53 MB used.
       Both:     20.08 MB used.

Virtual space:
  Non-class space:       64.00 MB reserved,      17.62 MB ( 28%) committed,  1 nodes.
      Class space:        1.00 GB reserved,       2.62 MB ( <1%) committed,  1 nodes.
             Both:        1.06 GB reserved,      20.25 MB (  2%) committed. 

Chunk freelists:
   Non-Class:  2.38 MB
       Class:  1.33 MB
        Both:  3.70 MB

MaxMetaspaceSize: unlimited
CompressedClassSpaceSize: 1.00 GB
Initial GC threshold: 21.00 MB
Current GC threshold: 21.00 MB
CDS: on
MetaspaceReclaimPolicy: balanced
 - commit_granule_bytes: 65536.
 - commit_granule_words: 8192.
 - virtual_space_node_default_size: 8388608.
 - enlarge_chunks_in_place: 1.
 - new_chunks_are_fully_committed: 0.
 - uncommit_free_chunks: 1.
 - use_allocation_guard: 0.


Internal statistics:

num_allocs_failed_limit: 0.
num_arena_births: 184.
num_arena_deaths: 0.
num_vsnodes_births: 2.
num_vsnodes_deaths: 0.
num_space_committed: 324.
num_space_uncommitted: 0.
num_chunks_returned_to_freelist: 0.
num_chunks_taken_from_freelist: 708.
num_chunk_merges: 0.
num_chunk_splits: 488.
num_chunks_enlarged: 402.
num_inconsistent_stats: 0.

CodeHeap 'non-profiled nmethods': size=120000Kb used=855Kb max_used=855Kb free=119145Kb
 bounds [0x000001cbb74e0000, 0x000001cbb7750000, 0x000001cbbea10000]
CodeHeap 'profiled nmethods': size=120000Kb used=4523Kb max_used=4523Kb free=115476Kb
 bounds [0x000001cbaffb0000, 0x000001cbb0420000, 0x000001cbb74e0000]
CodeHeap 'non-nmethods': size=5760Kb used=1277Kb max_used=1305Kb free=4482Kb
 bounds [0x000001cbafa10000, 0x000001cbafc80000, 0x000001cbaffb0000]
 total_blobs=2941 nmethods=2363 adapters=490
 compilation: enabled
              stopped_count=0, restarted_count=0
 full_count=0

Compilation events (20 events):
Event: 23.553 Thread 0x000001cbc3b0cfb0 nmethod 2360 0x000001cbb0416910 code [0x000001cbb0416aa0, 0x000001cbb0416be8]
Event: 23.553 Thread 0x000001cbc3b0cfb0 2361       3       java.lang.Throwable::<init> (34 bytes)
Event: 23.553 Thread 0x000001cbc3b0cfb0 nmethod 2361 0x000001cbb0416c90 code [0x000001cbb0416e60, 0x000001cbb0417228]
Event: 23.553 Thread 0x000001cbc3b0cfb0 2362       1       java.lang.StringLatin1$CharsSpliterator::characteristics (5 bytes)
Event: 23.553 Thread 0x000001cbc3b0cfb0 nmethod 2362 0x000001cbb75b5610 code [0x000001cbb75b57a0, 0x000001cbb75b5878]
Event: 23.553 Thread 0x000001cbc3b0cfb0 2363       3       java.util.stream.ReduceOps$ReduceOp::<init> (10 bytes)
Event: 23.554 Thread 0x000001cbc3b0cfb0 nmethod 2363 0x000001cbb0417310 code [0x000001cbb04174a0, 0x000001cbb0417658]
Event: 23.555 Thread 0x000001cbc3b0cfb0 2364       3       java.util.stream.Collectors$CollectorImpl::<init> (32 bytes)
Event: 23.556 Thread 0x000001cbc3b0cfb0 nmethod 2364 0x000001cbb0417710 code [0x000001cbb04178c0, 0x000001cbb0417bf8]
Event: 23.558 Thread 0x000001cbc3b0cfb0 2365       1       io.netty.util.internal.shaded.org.jctools.queues.BaseMpscLinkedArrayQueueColdProducerFields::lvProducerLimit (5 bytes)
Event: 23.558 Thread 0x000001cbc3b0cfb0 nmethod 2365 0x000001cbb75b5910 code [0x000001cbb75b5aa0, 0x000001cbb75b5b78]
Event: 23.558 Thread 0x000001cbc3b0cfb0 2366       3       io.netty.buffer.AbstractByteBuf::checkIndex (11 bytes)
Event: 23.558 Thread 0x000001cbc3b0cfb0 nmethod 2366 0x000001cbb0417c90 code [0x000001cbb0417e80, 0x000001cbb0418358]
Event: 23.680 Thread 0x000001cbc3b0cfb0 2367       3       io.netty.util.concurrent.FastThreadLocal::get (28 bytes)
Event: 23.681 Thread 0x000001cbc3b0cfb0 nmethod 2367 0x000001cbb0418510 code [0x000001cbb04187c0, 0x000001cbb04197c8]
Event: 23.681 Thread 0x000001cbc3b0cfb0 2368       3       io.netty.util.internal.PlatformDependent::hashCodeAsciiSanitizeInt (124 bytes)
Event: 23.682 Thread 0x000001cbc3b0cfb0 nmethod 2368 0x000001cbb0419c10 code [0x000001cbb0419de0, 0x000001cbb041a258]
Event: 23.682 Thread 0x000001cbc3b0cfb0 2370  s    3       java.io.ByteArrayInputStream::read (73 bytes)
Event: 23.682 Thread 0x000001cbc3b0cfb0 nmethod 2370 0x000001cbb041a390 code [0x000001cbb041a580, 0x000001cbb041ab78]
Event: 23.682 Thread 0x000001cbc3b0cfb0 2372       3       java.util.regex.Pattern::escape (1327 bytes)

GC Heap History (8 events):
Event: 0.932 GC heap before
{Heap before GC invocations=0 (full 0):
 garbage-first heap   total 65536K, used 14336K [0x00000000c1c00000, 0x0000000100000000)
  region size 1024K, 13 young (13312K), 0 survivors (0K)
 Metaspace       used 2523K, committed 2688K, reserved 1114112K
  class space    used 277K, committed 384K, reserved 1048576K
}
Event: 0.940 GC heap after
{Heap after GC invocations=1 (full 0):
 garbage-first heap   total 65536K, used 8015K [0x00000000c1c00000, 0x0000000100000000)
  region size 1024K, 2 young (2048K), 2 survivors (2048K)
 Metaspace       used 2523K, committed 2688K, reserved 1114112K
  class space    used 277K, committed 384K, reserved 1048576K
}
Event: 1.705 GC heap before
{Heap before GC invocations=1 (full 0):
 garbage-first heap   total 65536K, used 17231K [0x00000000c1c00000, 0x0000000100000000)
  region size 1024K, 12 young (12288K), 2 survivors (2048K)
 Metaspace       used 5086K, committed 5312K, reserved 1114112K
  class space    used 603K, committed 704K, reserved 1048576K
}
Event: 1.712 GC heap after
{Heap after GC invocations=2 (full 0):
 garbage-first heap   total 65536K, used 10448K [0x00000000c1c00000, 0x0000000100000000)
  region size 1024K, 2 young (2048K), 2 survivors (2048K)
 Metaspace       used 5086K, committed 5312K, reserved 1114112K
  class space    used 603K, committed 704K, reserved 1048576K
}
Event: 3.133 GC heap before
{Heap before GC invocations=2 (full 0):
 garbage-first heap   total 65536K, used 27856K [0x00000000c1c00000, 0x0000000100000000)
  region size 1024K, 20 young (20480K), 2 survivors (2048K)
 Metaspace       used 11219K, committed 11456K, reserved 1114112K
  class space    used 1362K, committed 1472K, reserved 1048576K
}
Event: 3.143 GC heap after
{Heap after GC invocations=3 (full 0):
 garbage-first heap   total 65536K, used 12405K [0x00000000c1c00000, 0x0000000100000000)
  region size 1024K, 3 young (3072K), 3 survivors (3072K)
 Metaspace       used 11219K, committed 11456K, reserved 1114112K
  class space    used 1362K, committed 1472K, reserved 1048576K
}
Event: 12.439 GC heap before
{Heap before GC invocations=3 (full 0):
 garbage-first heap   total 65536K, used 44149K [0x00000000c1c00000, 0x0000000100000000)
  region size 1024K, 29 young (29696K), 3 survivors (3072K)
 Metaspace       used 19976K, committed 20224K, reserved 1114112K
  class space    used 2529K, committed 2624K, reserved 1048576K
}
Event: 12.452 GC heap after
{Heap after GC invocations=4 (full 0):
 garbage-first heap   total 65536K, used 19476K [0x00000000c1c00000, 0x0000000100000000)
  region size 1024K, 3 young (3072K), 3 survivors (3072K)
 Metaspace       used 19976K, committed 20224K, reserved 1114112K
  class space    used 2529K, committed 2624K, reserved 1048576K
}

Deoptimization events (20 events):
Event: 3.223 Thread 0x000001cba6913950 Uncommon trap: trap_request=0xffffff45 fr.pc=0x000001cbb7576820 relative=0x00000000000001a0
Event: 3.223 Thread 0x000001cba6913950 Uncommon trap: reason=unstable_if action=reinterpret pc=0x000001cbb7576820 method=java.util.HashMap.putVal(ILjava/lang/Object;Ljava/lang/Object;ZZ)Ljava/lang/Object; @ 162 c2
Event: 3.223 Thread 0x000001cba6913950 DEOPT PACKING pc=0x000001cbb7576820 sp=0x000000a0250f94c0
Event: 3.223 Thread 0x000001cba6913950 DEOPT UNPACKING pc=0x000001cbafa623a3 sp=0x000000a0250f9450 mode 2
Event: 3.941 Thread 0x000001cba6913950 Uncommon trap: trap_request=0xffffff45 fr.pc=0x000001cbb75566f8 relative=0x00000000000005d8
Event: 3.941 Thread 0x000001cba6913950 Uncommon trap: reason=unstable_if action=reinterpret pc=0x000001cbb75566f8 method=java.lang.String.replace(CC)Ljava/lang/String; @ 2 c2
Event: 3.941 Thread 0x000001cba6913950 DEOPT PACKING pc=0x000001cbb75566f8 sp=0x000000a0250fd770
Event: 3.941 Thread 0x000001cba6913950 DEOPT UNPACKING pc=0x000001cbafa623a3 sp=0x000000a0250fd720 mode 2
Event: 3.964 Thread 0x000001cbc9250ba0 Uncommon trap: trap_request=0xffffff45 fr.pc=0x000001cbb75675a8 relative=0x0000000000000108
Event: 3.964 Thread 0x000001cbc9250ba0 Uncommon trap: reason=unstable_if action=reinterpret pc=0x000001cbb75675a8 method=java.lang.CharacterDataLatin1.digit(II)I @ 12 c2
Event: 3.964 Thread 0x000001cbc9250ba0 DEOPT PACKING pc=0x000001cbb75675a8 sp=0x000000a026bfe940
Event: 3.964 Thread 0x000001cbc9250ba0 DEOPT UNPACKING pc=0x000001cbafa623a3 sp=0x000000a026bfe7f8 mode 2
Event: 3.982 Thread 0x000001cbc9250ba0 Uncommon trap: trap_request=0xffffff45 fr.pc=0x000001cbb75679c8 relative=0x00000000000000a8
Event: 3.982 Thread 0x000001cbc9250ba0 Uncommon trap: reason=unstable_if action=reinterpret pc=0x000001cbb75679c8 method=java.lang.CharacterDataLatin1.digit(II)I @ 12 c2
Event: 3.982 Thread 0x000001cbc9250ba0 DEOPT PACKING pc=0x000001cbb75679c8 sp=0x000000a026bfe8a0
Event: 3.982 Thread 0x000001cbc9250ba0 DEOPT UNPACKING pc=0x000001cbafa623a3 sp=0x000000a026bfe818 mode 2
Event: 4.755 Thread 0x000001cba6913950 Uncommon trap: trap_request=0xffffff45 fr.pc=0x000001cbb7585ea0 relative=0x0000000000000e80
Event: 4.755 Thread 0x000001cba6913950 Uncommon trap: reason=unstable_if action=reinterpret pc=0x000001cbb7585ea0 method=java.util.concurrent.ConcurrentHashMap.putVal(Ljava/lang/Object;Ljava/lang/Object;Z)Ljava/lang/Object; @ 231 c2
Event: 4.755 Thread 0x000001cba6913950 DEOPT PACKING pc=0x000001cbb7585ea0 sp=0x000000a0250faf40
Event: 4.755 Thread 0x000001cba6913950 DEOPT UNPACKING pc=0x000001cbafa623a3 sp=0x000000a0250faeb0 mode 2

Classes loaded (20 events):
Event: 12.315 Loading class java/lang/StackStreamFactory$StackFrameTraverser$StackFrameBuffer
Event: 12.315 Loading class java/lang/StackStreamFactory$FrameBuffer
Event: 12.315 Loading class java/lang/StackStreamFactory$FrameBuffer done
Event: 12.316 Loading class java/lang/StackStreamFactory$StackFrameTraverser$StackFrameBuffer done
Event: 12.420 Loading class java/util/concurrent/locks/ReentrantReadWriteLock$FairSync
Event: 12.420 Loading class java/util/concurrent/locks/ReentrantReadWriteLock$FairSync done
Event: 12.435 Loading class java/util/Base64
Event: 12.435 Loading class java/util/Base64 done
Event: 12.435 Loading class java/util/Base64$Encoder
Event: 12.436 Loading class java/util/Base64$Encoder done
Event: 12.453 Loading class java/util/concurrent/CompletableFuture$UniExceptionally
Event: 12.454 Loading class java/util/concurrent/CompletableFuture$UniCompletion
Event: 12.454 Loading class java/util/concurrent/CompletableFuture$UniCompletion done
Event: 12.454 Loading class java/util/concurrent/CompletableFuture$UniExceptionally done
Event: 12.474 Loading class java/lang/Deprecated
Event: 12.474 Loading class java/lang/Deprecated done
Event: 19.199 Loading class java/net/URLEncoder
Event: 19.200 Loading class java/net/URLEncoder done
Event: 19.200 Loading class java/io/CharArrayWriter
Event: 19.200 Loading class java/io/CharArrayWriter done

Classes unloaded (0 events):
No events

Classes redefined (0 events):
No events

Internal exceptions (20 events):
Event: 3.968 Thread 0x000001cbc91e1040 Exception <a 'java/lang/NoSuchMethodError'{0x00000000c51654c0}: 'void java.lang.invoke.DirectMethodHandle$Holder.invokeStatic(java.lang.Object, long)'> (0x00000000c51654c0) 
thrown [s\open\src\hotspot\share\interpreter\linkResolver.cpp, line 766]
Event: 3.969 Thread 0x000001cbc91e1040 Exception <a 'java/lang/NoSuchMethodError'{0x00000000c516a868}: 'java.lang.Object java.lang.invoke.DirectMethodHandle$Holder.newInvokeSpecial(java.lang.Object, long)'> (0x00000000c516a868) 
thrown [s\open\src\hotspot\share\interpreter\linkResolver.cpp, line 766]
Event: 3.977 Thread 0x000001cbc91e1040 Exception <a 'java/lang/NoSuchMethodError'{0x00000000c5174b20}: 'java.lang.Object java.lang.invoke.DirectMethodHandle$Holder.invokeStaticInit(java.lang.Object, java.lang.Object, long, java.lang.Object)'> (0x00000000c5174b20) 
thrown [s\open\src\hotspot\share\interpreter\linkResolver.cpp, line 766]
Event: 3.978 Thread 0x000001cbc91e1040 Exception <a 'java/lang/NoSuchMethodError'{0x00000000c517aba8}: 'java.lang.Object java.lang.invoke.DirectMethodHandle$Holder.newInvokeSpecial(java.lang.Object, java.lang.Object, long)'> (0x00000000c517aba8) 
thrown [s\open\src\hotspot\share\interpreter\linkResolver.cpp, line 766]
Event: 3.979 Thread 0x000001cbc91e1040 Exception <a 'java/lang/NoSuchMethodError'{0x00000000c517e720}: 'java.lang.Object java.lang.invoke.Invokers$Holder.linkToTargetMethod(java.lang.Object, long, java.lang.Object)'> (0x00000000c517e720) 
thrown [s\open\src\hotspot\share\interpreter\linkResolver.cpp, line 766]
Event: 3.983 Thread 0x000001cbc9250ba0 Exception <a 'java/net/ConnectException'{0x00000000c51b8058}: Connection refused: no further information> (0x00000000c51b8058) 
thrown [s\open\src\hotspot\share\prims\jni.cpp, line 535]
Event: 3.983 Thread 0x000001cbc9250ba0 Exception <a 'java/net/SocketException'{0x00000000c51b8390}: Socket is not connected: shutdown> (0x00000000c51b8390) 
thrown [s\open\src\hotspot\share\prims\jni.cpp, line 535]
Event: 4.013 Thread 0x000001cbc9250ba0 Exception <a 'java/net/ConnectException'{0x00000000c51b9328}: Connection refused: no further information> (0x00000000c51b9328) 
thrown [s\open\src\hotspot\share\prims\jni.cpp, line 535]
Event: 4.013 Thread 0x000001cbc9250ba0 Exception <a 'java/net/SocketException'{0x00000000c51b9660}: Socket is not connected: shutdown> (0x00000000c51b9660) 
thrown [s\open\src\hotspot\share\prims\jni.cpp, line 535]
Event: 4.060 Thread 0x000001cbc9250ba0 Exception <a 'java/net/ConnectException'{0x00000000c51ba5f8}: Connection refused: no further information> (0x00000000c51ba5f8) 
thrown [s\open\src\hotspot\share\prims\jni.cpp, line 535]
Event: 4.060 Thread 0x000001cbc9250ba0 Exception <a 'java/net/SocketException'{0x00000000c51ba930}: Socket is not connected: shutdown> (0x00000000c51ba930) 
thrown [s\open\src\hotspot\share\prims\jni.cpp, line 535]
Event: 4.155 Thread 0x000001cbc9250ba0 Exception <a 'java/net/ConnectException'{0x00000000c51bb8c8}: Connection refused: no further information> (0x00000000c51bb8c8) 
thrown [s\open\src\hotspot\share\prims\jni.cpp, line 535]
Event: 4.155 Thread 0x000001cbc9250ba0 Exception <a 'java/net/SocketException'{0x00000000c51bbc00}: Socket is not connected: shutdown> (0x00000000c51bbc00) 
thrown [s\open\src\hotspot\share\prims\jni.cpp, line 535]
Event: 4.426 Thread 0x000001cba6913950 Exception <a 'java/lang/NoSuchMethodError'{0x00000000c5039f90}: 'double java.lang.invoke.DirectMethodHandle$Holder.invokeVirtual(java.lang.Object, java.lang.Object)'> (0x00000000c5039f90) 
thrown [s\open\src\hotspot\share\interpreter\linkResolver.cpp, line 766]
Event: 4.428 Thread 0x000001cba6913950 Exception <a 'java/lang/NoSuchMethodError'{0x00000000c5040940}: 'float java.lang.invoke.DirectMethodHandle$Holder.invokeVirtual(java.lang.Object, java.lang.Object)'> (0x00000000c5040940) 
thrown [s\open\src\hotspot\share\interpreter\linkResolver.cpp, line 766]
Event: 4.431 Thread 0x000001cba6913950 Exception <a 'java/lang/NoSuchMethodError'{0x00000000c5049e68}: 'long java.lang.invoke.DirectMethodHandle$Holder.invokeVirtual(java.lang.Object, java.lang.Object)'> (0x00000000c5049e68) 
thrown [s\open\src\hotspot\share\interpreter\linkResolver.cpp, line 766]
Event: 4.558 Thread 0x000001cba6913950 Exception <a 'java/lang/NoSuchMethodError'{0x00000000c4f83558}: 'void java.lang.invoke.DirectMethodHandle$Holder.invokeStatic(java.lang.Object, java.lang.Object, int)'> (0x00000000c4f83558) 
thrown [s\open\src\hotspot\share\interpreter\linkResolver.cpp, line 766]
Event: 4.621 Thread 0x000001cba6913950 Exception <a 'java/lang/NoSuchMethodError'{0x00000000c4efa930}: 'int java.lang.invoke.DirectMethodHandle$Holder.invokeSpecialIFC(java.lang.Object, java.lang.Object, java.lang.Object)'> (0x00000000c4efa930) 
thrown [s\open\src\hotspot\share\interpreter\linkResolver.cpp, line 766]
Event: 4.704 Thread 0x000001cba6913950 Exception <a 'java/lang/NoSuchMethodError'{0x00000000c4ba2258}: 'void java.lang.invoke.DirectMethodHandle$Holder.invokeSpecial(java.lang.Object, java.lang.Object, java.lang.Object, java.lang.Object, java.lang.Object, java.lang.Object)'> (0x00000000c4ba2258) 
thrown [s\open\src\hotspot\share\interpreter\linkResolver.cpp, line 766]
Event: 12.290 Thread 0x000001cba6913950 Exception <a 'java/lang/NoSuchMethodError'{0x00000000c4152578}: 'java.lang.Object java.lang.invoke.DirectMethodHandle$Holder.invokeSpecialIFC(java.lang.Object, java.lang.Object, java.lang.Object)'> (0x00000000c4152578) 
thrown [s\open\src\hotspot\share\interpreter\linkResolver.cpp, line 766]

VM Operations (20 events):
Event: 2.796 Executing VM operation: Cleanup
Event: 2.796 Executing VM operation: Cleanup done
Event: 3.133 Executing VM operation: G1CollectForAllocation
Event: 3.143 Executing VM operation: G1CollectForAllocation done
Event: 4.154 Executing VM operation: Cleanup
Event: 4.154 Executing VM operation: Cleanup done
Event: 4.347 Executing VM operation: HandshakeAllThreads
Event: 4.347 Executing VM operation: HandshakeAllThreads done
Event: 4.356 Executing VM operation: HandshakeAllThreads
Event: 4.356 Executing VM operation: HandshakeAllThreads done
Event: 5.366 Executing VM operation: Cleanup
Event: 5.367 Executing VM operation: Cleanup done
Event: 12.439 Executing VM operation: G1CollectForAllocation
Event: 12.452 Executing VM operation: G1CollectForAllocation done
Event: 13.466 Executing VM operation: Cleanup
Event: 13.467 Executing VM operation: Cleanup done
Event: 19.529 Executing VM operation: Cleanup
Event: 19.529 Executing VM operation: Cleanup done
Event: 23.574 Executing VM operation: Cleanup
Event: 23.574 Executing VM operation: Cleanup done

Events (20 events):
Event: 0.307 Loaded shared library C:\Program Files\Java\jdk-18.0.1.1\bin\nio.dll
Event: 0.314 Loaded shared library C:\Program Files\Java\jdk-18.0.1.1\bin\zip.dll
Event: 0.463 Loaded shared library C:\Program Files\Java\jdk-18.0.1.1\bin\jimage.dll
Event: 1.317 Loaded shared library C:\Program Files\Java\jdk-18.0.1.1\bin\verify.dll
Event: 2.444 Thread 0x000001cbc8bd2c60 Thread added: 0x000001cbc8bd2c60
Event: 2.665 Loaded shared library C:\Program Files\Java\jdk-18.0.1.1\bin\management.dll
Event: 2.674 Loaded shared library C:\Program Files\Java\jdk-18.0.1.1\bin\management_ext.dll
Event: 2.705 Thread 0x000001cbc8e40dc0 Thread added: 0x000001cbc8e40dc0
Event: 2.788 Loaded shared library C:\Program Files\Java\jdk-18.0.1.1\bin\sunmscapi.dll
Event: 3.943 Thread 0x000001cbc91e1040 Thread added: 0x000001cbc91e1040
Event: 3.949 Thread 0x000001cbc8e5a810 Thread added: 0x000001cbc8e5a810
Event: 3.950 Thread 0x000001cbc8e5acd0 Thread added: 0x000001cbc8e5acd0
Event: 3.953 Thread 0x000001cbc9250ba0 Thread added: 0x000001cbc9250ba0
Event: 3.997 Thread 0x000001cbc9251060 Thread added: 0x000001cbc9251060
Event: 3.997 Thread 0x000001cbc9185110 Thread added: 0x000001cbc9185110
Event: 4.354 Thread 0x000001cbc92c2b20 Thread added: 0x000001cbc92c2b20
Event: 4.879 Thread 0x000001cbc92c1310 Thread added: 0x000001cbc92c1310
Event: 9.356 Thread 0x000001cbc92c2b20 Thread exited: 0x000001cbc92c2b20
Event: 12.404 Thread 0x000001cbc92c2b20 Thread added: 0x000001cbc92c2b20
Event: 12.437 Thread 0x000001cbc92c2180 Thread added: 0x000001cbc92c2180


Dynamic libraries:
0x00007ff620210000 - 0x00007ff620220000 	C:\Program Files\Java\jdk-18.0.1.1\bin\javaw.exe
0x00007ff85a710000 - 0x00007ff85a905000 	C:\Windows\SYSTEM32\ntdll.dll
0x00007ff859510000 - 0x00007ff8595ce000 	C:\Windows\System32\KERNEL32.DLL
0x00007ff858390000 - 0x00007ff858658000 	C:\Windows\System32\KERNELBASE.dll
0x00007ff857e30000 - 0x00007ff857f30000 	C:\Windows\System32\ucrtbase.dll
0x00007ff83b3f0000 - 0x00007ff83b408000 	C:\Program Files\Java\jdk-18.0.1.1\bin\jli.dll
0x00007ff858810000 - 0x00007ff8588be000 	C:\Windows\System32\ADVAPI32.dll
0x00007ff858770000 - 0x00007ff85880e000 	C:\Windows\System32\msvcrt.dll
0x00007ff859250000 - 0x00007ff8592ec000 	C:\Windows\System32\sechost.dll
0x00007ff859120000 - 0x00007ff859245000 	C:\Windows\System32\RPCRT4.dll
0x00007ff858f80000 - 0x00007ff859120000 	C:\Windows\System32\USER32.dll
0x00007ff8580e0000 - 0x00007ff858102000 	C:\Windows\System32\win32u.dll
0x00007ff8589a0000 - 0x00007ff8589ca000 	C:\Windows\System32\GDI32.dll
0x00007ff858660000 - 0x00007ff85876b000 	C:\Windows\System32\gdi32full.dll
0x00007ff8582f0000 - 0x00007ff85838d000 	C:\Windows\System32\msvcp_win.dll
0x00007ff8428a0000 - 0x00007ff842b3a000 	C:\Windows\WinSxS\amd64_microsoft.windows.common-controls_6595b64144ccf1df_6.0.19041.1110_none_60b5254171f9507e\COMCTL32.dll
0x00007ff84e520000 - 0x00007ff84e52a000 	C:\Windows\SYSTEM32\VERSION.dll
0x00007ff851950000 - 0x00007ff85196a000 	C:\Program Files\Java\jdk-18.0.1.1\bin\VCRUNTIME140.dll
0x00007ff859f50000 - 0x00007ff859f80000 	C:\Windows\System32\IMM32.DLL
0x00007ff855500000 - 0x00007ff85550c000 	C:\Program Files\Java\jdk-18.0.1.1\bin\vcruntime140_1.dll
0x00007ff839420000 - 0x00007ff8394ad000 	C:\Program Files\Java\jdk-18.0.1.1\bin\msvcp140.dll
0x00007ff820420000 - 0x00007ff821030000 	C:\Program Files\Java\jdk-18.0.1.1\bin\server\jvm.dll
0x00007ff859f40000 - 0x00007ff859f48000 	C:\Windows\System32\PSAPI.DLL
0x00007ff83e490000 - 0x00007ff83e4b7000 	C:\Windows\SYSTEM32\WINMM.dll
0x00007ff843b50000 - 0x00007ff843b59000 	C:\Windows\SYSTEM32\WSOCK32.dll
0x00007ff859ed0000 - 0x00007ff859f3b000 	C:\Windows\System32\WS2_32.dll
0x00007ff8566e0000 - 0x00007ff8566f2000 	C:\Windows\SYSTEM32\kernel.appcore.dll
0x00007ff84e930000 - 0x00007ff84e93a000 	C:\Program Files\Java\jdk-18.0.1.1\bin\jimage.dll
0x00007ff855260000 - 0x00007ff855444000 	C:\Windows\SYSTEM32\DBGHELP.DLL
0x00007ff83e320000 - 0x00007ff83e34c000 	C:\Windows\SYSTEM32\dbgcore.DLL
0x00007ff858230000 - 0x00007ff8582b2000 	C:\Windows\System32\bcryptPrimitives.dll
0x00007ff83f780000 - 0x00007ff83f7a5000 	C:\Program Files\Java\jdk-18.0.1.1\bin\java.dll
0x00007ff820340000 - 0x00007ff820416000 	C:\Program Files\Java\jdk-18.0.1.1\bin\jsvml.dll
0x00007ff859f80000 - 0x00007ff85a6c4000 	C:\Windows\System32\SHELL32.dll
0x00007ff855f30000 - 0x00007ff8566c4000 	C:\Windows\SYSTEM32\windows.storage.dll
0x00007ff8597d0000 - 0x00007ff859b24000 	C:\Windows\System32\combase.dll
0x00007ff8577d0000 - 0x00007ff8577fc000 	C:\Windows\SYSTEM32\Wldp.dll
0x00007ff858eb0000 - 0x00007ff858f5d000 	C:\Windows\System32\SHCORE.dll
0x00007ff8594b0000 - 0x00007ff859505000 	C:\Windows\System32\shlwapi.dll
0x00007ff857d70000 - 0x00007ff857d8f000 	C:\Windows\SYSTEM32\profapi.dll
0x00007ff84ce40000 - 0x00007ff84ce53000 	C:\Program Files\Java\jdk-18.0.1.1\bin\net.dll
0x00007ff845620000 - 0x00007ff84572a000 	C:\Windows\SYSTEM32\WINHTTP.dll
0x00007ff857530000 - 0x00007ff85759a000 	C:\Windows\system32\mswsock.dll
0x00007ff842b90000 - 0x00007ff842ba6000 	C:\Program Files\Java\jdk-18.0.1.1\bin\nio.dll
0x00007ff83f710000 - 0x00007ff83f728000 	C:\Program Files\Java\jdk-18.0.1.1\bin\zip.dll
0x00007ff84e9a0000 - 0x00007ff84e9b0000 	C:\Program Files\Java\jdk-18.0.1.1\bin\verify.dll
0x00007ff857730000 - 0x00007ff857748000 	C:\Windows\SYSTEM32\CRYPTSP.dll
0x00007ff856eb0000 - 0x00007ff856ee4000 	C:\Windows\system32\rsaenh.dll
0x00007ff8582c0000 - 0x00007ff8582e7000 	C:\Windows\System32\bcrypt.dll
0x00007ff857d30000 - 0x00007ff857d5e000 	C:\Windows\SYSTEM32\USERENV.dll
0x00007ff857720000 - 0x00007ff85772c000 	C:\Windows\SYSTEM32\CRYPTBASE.dll
0x00007ff857220000 - 0x00007ff85725b000 	C:\Windows\SYSTEM32\IPHLPAPI.DLL
0x00007ff8589d0000 - 0x00007ff8589d8000 	C:\Windows\System32\NSI.dll
0x00007ff84d300000 - 0x00007ff84d317000 	C:\Windows\SYSTEM32\dhcpcsvc6.DLL
0x00007ff84d220000 - 0x00007ff84d23d000 	C:\Windows\SYSTEM32\dhcpcsvc.DLL
0x00007ff857260000 - 0x00007ff85732b000 	C:\Windows\SYSTEM32\DNSAPI.dll
0x00007ff845350000 - 0x00007ff84535a000 	C:\Windows\System32\rasadhlp.dll
0x00007ff8454f0000 - 0x00007ff84556f000 	C:\Windows\System32\fwpuclnt.dll
0x00007ff84afb0000 - 0x00007ff84afb9000 	C:\Program Files\Java\jdk-18.0.1.1\bin\management.dll
0x00007ff84afa0000 - 0x00007ff84afab000 	C:\Program Files\Java\jdk-18.0.1.1\bin\management_ext.dll
0x00007ff84af90000 - 0x00007ff84af9e000 	C:\Program Files\Java\jdk-18.0.1.1\bin\sunmscapi.dll
0x00007ff857f80000 - 0x00007ff8580d6000 	C:\Windows\System32\CRYPT32.dll
0x00007ff857840000 - 0x00007ff857867000 	C:\Windows\SYSTEM32\ncrypt.dll
0x00007ff857800000 - 0x00007ff85783b000 	C:\Windows\SYSTEM32\NTASN1.dll
0x00007ff819fe0000 - 0x00007ff819ff7000 	C:\Windows\system32\napinsp.dll
0x00007ff819fa0000 - 0x00007ff819fbb000 	C:\Windows\system32\pnrpnsp.dll
0x00007ff852300000 - 0x00007ff852315000 	C:\Windows\system32\wshbth.dll
0x00007ff8531a0000 - 0x00007ff8531bd000 	C:\Windows\system32\NLAapi.dll
0x00007ff819df0000 - 0x00007ff819e02000 	C:\Windows\System32\winrnr.dll

dbghelp: loaded successfully - version: 4.0.5 - missing functions: none
symbol engine: initialized successfully - sym options: 0x614 - pdb path: .;C:\Program Files\Java\jdk-18.0.1.1\bin;C:\Windows\SYSTEM32;C:\Windows\WinSxS\amd64_microsoft.windows.common-controls_6595b64144ccf1df_6.0.19041.1110_none_60b5254171f9507e;C:\Program Files\Java\jdk-18.0.1.1\bin\server

VM Arguments:
jvm_args: -Dfile.encoding=UTF-8 -XX:+ShowCodeDetailsInExceptionMessages 
java_command: cucumber.api.cli.Main C:/Users/shilp/eclipse-workspace/New folder/Test/src/test/java/Features/highest_price.feature --glue classpath: --plugin pretty --monochrome
java_class_path (initial): C:\Users\shilp\eclipse-workspace\New folder\Test\target\classes;C:\Users\shilp\eclipse-workspace\New folder\Test\target\test-classes;C:\Users\shilp\.m2\repository\junit\junit\4.12\junit-4.12.jar;C:\Users\shilp\.m2\repository\org\hamcrest\hamcrest-core\1.3\hamcrest-core-1.3.jar;C:\Users\shilp\.m2\repository\org\seleniumhq\selenium\selenium-java\4.1.3\selenium-java-4.1.3.jar;C:\Users\shilp\.m2\repository\org\seleniumhq\selenium\selenium-api\4.1.3\selenium-api-4.1.3.jar;C:\Users\shilp\.m2\repository\org\seleniumhq\selenium\selenium-chrome-driver\4.1.3\selenium-chrome-driver-4.1.3.jar;C:\Users\shilp\.m2\repository\com\google\auto\service\auto-service-annotations\1.0.1\auto-service-annotations-1.0.1.jar;C:\Users\shilp\.m2\repository\com\google\auto\service\auto-service\1.0.1\auto-service-1.0.1.jar;C:\Users\shilp\.m2\repository\com\google\auto\auto-common\1.2\auto-common-1.2.jar;C:\Users\shilp\.m2\repository\com\google\guava\guava\31.1-jre\guava-31.1-jre.jar;C:\Users\shilp\.m2\repository\com\google\guava\failureaccess\1.0.1\failureaccess-1.0.1.jar;C:\Users\shilp\.m2\repository\com\google\guava\listenablefuture\9999.0-empty-to-avoid-conflict-with-guava\listenablefuture-9999.0-empty-to-avoid-conflict-with-guava.jar;C:\Users\shilp\.m2\repository\org\checkerframework\checker-qual\3.12.0\checker-qual-3.12.0.jar;C:\Users\shilp\.m2\repository\com\google\errorprone\error_prone_annotations\2.11.0\error_prone_annotations-2.11.0.jar;C:\Users\shilp\.m2\repository\com\google\j2objc\j2objc-annotations\1.3\j2objc-annotations-1.3.jar;C:\Users\shilp\.m2\repository\org\seleniumhq\selenium\selenium-chromium-driver\4.1.3\selenium-chromium-driver-4.1.3.jar;C:\Users\shilp\.m2\repository\org\seleniumhq\selenium\selenium-json\4.1.3\selenium-json-4.1.3.jar;C:\Users\shilp\.m2\repository\org\seleniumhq\selenium\selenium-devtools-v85\4.1.3\selenium-devtools-v85-4.1.3.jar;C:\Users\shilp\.m2\repository\org\seleniumhq\selenium\selenium-devtools-v97\4.1.3\selenium-devtools-v97-4.1.3.jar;C:\Users\shilp\.m2\repository\org\seleniumhq\selenium\selenium-devtools-v98\4.1.3\selenium-devtools-v98-4.1.3.jar;C:\Users\shilp\.m2\repository\org\seleniumhq\selenium\selenium-devtools-v99\4.1.3\selenium-devtools-v99-4.1.3.jar;C:\Users\shilp\.m2\repository\org\seleniumhq\selenium\selenium-edge-driver\4.1.3\selenium-edge-driver-4.1.3.jar;C:\Users\shilp\.m2\repository\org\seleniumhq\selenium\selenium-firefox-driver\4.1.3\selenium-firefox-driver-4.1.3.jar;C:\Users\shilp\.m2\repository\org\seleniumhq\selenium\selenium-ie-driver\4.1.3\selenium-ie-driver-4.1.3.jar;C:\Users\shilp\.m2\repository\org\seleniumhq\selenium\selenium-opera-driver\4.1.3\selenium-opera-driver-4.1.3.jar;C:\Users\shilp\.m2\repository\org\seleniumhq\selenium\selenium-remote-driver\4.1.3\selenium-remote-driver-4.1.3.jar;C:\Users\shilp\.m2\repository\com\beust\jcommander\1.82\jcommander-1.82.jar;C:\Users\shilp\.m2\repository\io\netty\netty-buffer\4.1.75.Final\netty-buffer-4.1.75.Final.jar;C:\Users\shilp\.m2\repository\io\netty\netty-codec-http\4.1.75.Final\netty-codec-http-4.1.75.Final.jar;C:\Users\shilp\.m2\repository\io\netty\netty-codec\4.1.75.Final\netty-codec-4.1.75.Final.jar;C:\Users\shilp\.m2\repository\io\netty\netty-handler\4.1.75.Final\netty-handler-4.1.75.Final.jar;C:\Users\shilp\.m2\repository\io\netty\netty-common\4.1.75.Final\netty-common-4.1.75.Final.jar;C:\Users\shilp\.m2\repository\io\netty\netty-transport-classes-epoll\4.1.75.Final\netty-transport-classes-epoll-4.1.75.Final.jar;C:\Users\shilp\.m2\repository\io\netty\netty-transport-classes-kqueue\4.1.75.Final\netty-transport-classes-kqueue-4.1.75.Final.jar;C:\Users\shilp\.m2\repository\io\netty\netty-transport-native-epoll\4.1.75.Final\netty-transport-native-epoll-4.1.75.Final.jar;C:\Users\shilp\.m2\repository\io\netty\netty-transport-native-kqueue\4.1.75.Final\netty-transport-native-kqueue-4.1.75.Final.jar;C:\Users\shilp\.m2\repository\io\netty\netty-transport-native-unix-common\4.1.75.Final\netty-transport-native-unix-common-4.1.75.Final.jar;C:\Users\shilp\.m2\repository\io\netty\netty-transport\4.1.75.Final\netty-transport-4.1.75.Final.jar;C:\Users\shilp\.m2\repository\io\netty\netty-resolver\4.1.75.Final\netty-resolver-4.1.75.Final.jar;C:\Users\shilp\.m2\repository\io\opentelemetry\opentelemetry-api\1.12.0\opentelemetry-api-1.12.0.jar;C:\Users\shilp\.m2\repository\io\opentelemetry\opentelemetry-context\1.12.0\opentelemetry-context-1.12.0.jar;C:\Users\shilp\.m2\repository\io\opentelemetry\opentelemetry-exporter-logging\1.12.0\opentelemetry-exporter-logging-1.12.0.jar;C:\Users\shilp\.m2\repository\io\opentelemetry\opentelemetry-sdk-metrics\1.12.0-alpha\opentelemetry-sdk-metrics-1.12.0-alpha.jar;C:\Users\shilp\.m2\repository\io\opentelemetry\opentelemetry-sdk-logs\1.12.0-alpha\opentelemetry-sdk-logs-1.12.0-alpha.jar;C:\Users\shilp\.m2\repository\io\opentelemetry\opentelemetry-sdk-common\1.12.0\opentelemetry-sdk-common-1.12.0.jar;C:\Users\shilp\.m2\repository\io\opentelemetry\opentelemetry-sdk-extension-autoconfigure-spi\1.12.0\opentelemetry-sdk-extension-autoconfigure-spi-1.12.0.jar;C:\Users\shilp\.m2\repository\io\opentelemetry\opentelemetry-sdk-extension-autoconfigure\1.12.0-alpha\opentelemetry-sdk-extension-autoconfigure-1.12.0-alpha.jar;C:\Users\shilp\.m2\repository\io\opentelemetry\opentelemetry-sdk-trace\1.12.0\opentelemetry-sdk-trace-1.12.0.jar;C:\Users\shilp\.m2\repository\io\opentelemetry\opentelemetry-sdk\1.12.0\opentelemetry-sdk-1.12.0.jar;C:\Users\shilp\.m2\repository\io\opentelemetry\opentelemetry-semconv\1.12.0-alpha\opentelemetry-semconv-1.12.0-alpha.jar;C:\Users\shilp\.m2\repository\io\ous\jtoml\2.0.0\jtoml-2.0.0.jar;C:\Users\shilp\.m2\repository\net\bytebuddy\byte-buddy\1.12.8\byte-buddy-1.12.8.jar;C:\Users\shilp\.m2\repository\org\apache\commons\commons-exec\1.3\commons-exec-1.3.jar;C:\Users\shilp\.m2\repository\org\asynchttpclient\async-http-client\2.12.3\async-http-client-2.12.3.jar;C:\Users\shilp\.m2\repository\org\asynchttpclient\async-http-client-netty-utils\2.12.3\async-http-client-netty-utils-2.12.3.jar;C:\Users\shilp\.m2\repository\io\netty\netty-codec-socks\4.1.60.Final\netty-codec-socks-4.1.60.Final.jar;C:\Users\shilp\.m2\repository\io\netty\netty-handler-proxy\4.1.60.Final\netty-handler-proxy-4.1.60.Final.jar;C:\Users\shilp\.m2\repository\io\netty\netty-transport-native-epoll\4.1.60.Final\netty-transport-native-epoll-4.1.60.Final-linux-x86_64.jar;C:\Users\shilp\.m2\repository\io\netty\netty-transport-native-kqueue\4.1.60.Final\netty-transport-native-kqueue-4.1.60.Final-osx-x86_64.jar;C:\Users\shilp\.m2\repository\org\reactivestreams\reactive-streams\1.0.3\reactive-streams-1.0.3.jar;C:\Users\shilp\.m2\repository\com\typesafe\netty\netty-reactive-streams\2.0.4\netty-reactive-streams-2.0.4.jar;C:\Users\shilp\.m2\repository\com\sun\activation\jakarta.activation\1.2.2\jakarta.activation-1.2.2.jar;C:\Users\shilp\.m2\repository\org\seleniumhq\selenium\selenium-http\4.1.3\selenium-http-4.1.3.jar;C:\Users\shilp\.m2\repository\dev\failsafe\failsafe\3.2.3\failsafe-3.2.3.jar;C:\Users\shilp\.m2\repository\org\seleniumhq\selenium\selenium-safari-driver\4.1.3\selenium-safari-driver-4.1.3.jar;C:\Users\shilp\.m2\repository\org\seleniumhq\selenium\selenium-support\4.1.3\selenium-support-4.1.3.jar;C:\Users\shilp\.m2\repository\io\cucumber\cucumber-junit\7.3.4\cucumber-junit-7.3.4.jar;C:\Users\shilp\.m2\repository\org\apiguardian\apiguardian-api\1.1.2\apiguardian-api-1.1.2.jar;C:\Users\shilp\.m2\repository\io\cucumber\cucumber-testng\7.3.4\cucumber-testng-7.3.4.jar;C:\Users\shilp\.m2\repository\org\testng\testng\7.5\testng-7.5.jar;C:\Users\shilp\.m2\repository\com\google\code\findbugs\jsr305\3.0.1\jsr305-3.0.1.jar;C:\Users\shilp\.m2\repository\org\slf4j\slf4j-api\1.7.32\slf4j-api-1.7.32.jar;C:\Users\shilp\.m2\repository\org\webjars\jquery\3.5.1\jquery-3.5.1.jar;C:\Users\shilp\.m2\repository\io\cucumber\cucumber-java\7.3.4\cucumber-java-7.3.4.jar;C:\Users\shilp\.m2\repository\io\cucumber\cucumber-core\7.3.4\cucumber-core-7.3.4.jar;C:\Users\shilp\.m2\repository\io\cucumber\cucumber-gherkin\7.3.4\cucumber-gherkin-7.3.4.jar;C:\Users\shilp\.m2\repository\io\cucumber\cucumber-gherkin-messages\7.3.4\cucumber-gherkin-messages-7.3.4.jar;C:\Users\shilp\.m2\repository\io\cucumber\gherkin\23.0.1\gherkin-23.0.1.jar;C:\Users\shilp\.m2\repository\io\cucumber\messages\18.0.0\messages-18.0.0.jar;C:\Users\shilp\.m2\repository\io\cucumber\tag-expressions\4.1.0\tag-expressions-4.1.0.jar;C:\Users\shilp\.m2\repository\io\cucumber\cucumber-expressions\15.1.1\cucumber-expressions-15.1.1.jar;C:\Users\shilp\.m2\repository\io\cucumber\datatable\7.3.4\datatable-7.3.4.jar;C:\Users\shilp\.m2\repository\io\cucumber\cucumber-plugin\7.3.4\cucumber-plugin-7.3.4.jar;C:\Users\shilp\.m2\repository\io\cucumber\docstring\7.3.4\docstring-7.3.4.jar;C:\Users\shilp\.m2\repository\io\cucumber\html-formatter\19.1.0\html-formatter-19.1.0.jar;C:\Users\shilp\.m2\repository\io\cucumber\ci-environment\9.0.4\ci-environment-9.0.4.jar;C:\Users\shilp\Downloads\cucumber-core-1.2.4.jar;C:\Users\shilp\Downloads\easy-cucumber-core-1.0.3.jar;C:\Users\shilp\Downloads\testserver-cucumber-core-1.0.0.jar;C:\Users\shilp\Downloads\cucumber-core-5.0.0-RC3.jar;C:\Users\shilp\Downloads\cucumber-core-7.3.4.jar;C:\Users\shilp\Downloads\selenium-java-4.1.4\selenium-api-4.1.4.jar;C:\Users\shilp\Downloads\selenium-java-4.1.4\selenium-api-4.1.4-sources.jar;C:\Users\shilp\Downloads\selenium-java-4.1.4\selenium-chrome-driver-4.1.4.jar;C:\Users\shilp\Downloads\selenium-java-4.1.4\selenium-chrome-driver-4.1.4-sources.jar;C:\Users\shilp\Downloads\selenium-java-4.1.4\selenium-chromium-driver-4.1.4.jar;C:\Users\shilp\Downloads\selenium-java-4.1.4\selenium-chromium-driver-4.1.4-sources.jar;C:\Users\shilp\Downloads\selenium-java-4.1.4\selenium-devtools-v85-4.1.4.jar;C:\Users\shilp\Downloads\selenium-java-4.1.4\selenium-devtools-v85-4.1.4-sources.jar;C:\Users\shilp\Downloads\selenium-java-4.1.4\selenium-devtools-v99-4.1.4.jar;C:\Users\shilp\Downloads\selenium-java-4.1.4\selenium-devtools-v99-4.1.4-sources.jar;C:\Users\shilp\Downloads\selenium-java-4.1.4\selenium-devtools-v100-4.1.4.jar;C:\Users\shilp\Downloads\selenium-java-4.1.4\selenium-devtools-v100-4.1.4-sources.jar;C:\Users\shilp\Downloads\selenium-java-4.1.4\selenium-devtools-v101-4.1.4.jar;C:\Users\shilp\Downloads\selenium-java-4.1.4\selenium-devtools-v101-4.1.4-sources.jar;C:\Users\shilp\Downloads\selenium-java-4.1.4\selenium-edge-driver-4.1.4.jar;C:\Users\shilp\Downloads\selenium-java-4.1.4\selenium-edge-driver-4.1.4-sources.jar;C:\Users\shilp\Downloads\selenium-java-4.1.4\selenium-firefox-driver-4.1.4.jar;C:\Users\shilp\Downloads\selenium-java-4.1.4\selenium-firefox-driver-4.1.4-sources.jar;C:\Users\shilp\Downloads\selenium-java-4.1.4\selenium-http-4.1.4.jar;C:\Users\shilp\Downloads\selenium-java-4.1.4\selenium-http-4.1.4-sources.jar;C:\Users\shilp\Downloads\selenium-java-4.1.4\selenium-ie-driver-4.1.4.jar;C:\Users\shilp\Downloads\selenium-java-4.1.4\selenium-ie-driver-4.1.4-sources.jar;C:\Users\shilp\Downloads\selenium-java-4.1.4\selenium-java-4.1.4.jar;C:\Users\shilp\Downloads\selenium-java-4.1.4\selenium-java-4.1.4-sources.jar;C:\Users\shilp\Downloads\selenium-java-4.1.4\selenium-json-4.1.4.jar;C:\Users\shilp\Downloads\selenium-java-4.1.4\selenium-json-4.1.4-sources.jar;C:\Users\shilp\Downloads\selenium-java-4.1.4\selenium-opera-driver-4.1.4.jar;C:\Users\shilp\Downloads\selenium-java-4.1.4\selenium-opera-driver-4.1.4-sources.jar;C:\Users\shilp\Downloads\selenium-java-4.1.4\selenium-remote-driver-4.1.4.jar;C:\Users\shilp\Downloads\selenium-java-4.1.4\selenium-remote-driver-4.1.4-sources.jar;C:\Users\shilp\Downloads\selenium-java-4.1.4\selenium-safari-driver-4.1.4.jar;C:\Users\shilp\Downloads\selenium-java-4.1.4\selenium-safari-driver-4.1.4-sources.jar;C:\Users\shilp\Downloads\selenium-java-4.1.4\selenium-support-4.1.4.jar;C:\Users\shilp\Downloads\selenium-java-4.1.4\selenium-support-4.1.4-sources.jar;C:\Users\shilp\Downloads\selenium-server-4.1.4.jar
Launcher Type: SUN_STANDARD

[Global flags]
     intx CICompilerCount                          = 3                                         {product} {ergonomic}
     uint ConcGCThreads                            = 1                                         {product} {ergonomic}
     uint G1ConcRefinementThreads                  = 4                                         {product} {ergonomic}
   size_t G1HeapRegionSize                         = 1048576                                   {product} {ergonomic}
    uintx GCDrainStackTargetSize                   = 64                                        {product} {ergonomic}
   size_t InitialHeapSize                          = 67108864                                  {product} {ergonomic}
   size_t MarkStackSize                            = 4194304                                   {product} {ergonomic}
   size_t MaxHeapSize                              = 1044381696                                {product} {ergonomic}
   size_t MaxNewSize                               = 625999872                                 {product} {ergonomic}
   size_t MinHeapDeltaBytes                        = 1048576                                   {product} {ergonomic}
   size_t MinHeapSize                              = 8388608                                   {product} {ergonomic}
    uintx NonNMethodCodeHeapSize                   = 5832780                                {pd product} {ergonomic}
    uintx NonProfiledCodeHeapSize                  = 122912730                              {pd product} {ergonomic}
    uintx ProfiledCodeHeapSize                     = 122912730                              {pd product} {ergonomic}
    uintx ReservedCodeCacheSize                    = 251658240                              {pd product} {ergonomic}
     bool SegmentedCodeCache                       = true                                      {product} {ergonomic}
     bool ShowCodeDetailsInExceptionMessages       = true                                   {manageable} {command line}
   size_t SoftMaxHeapSize                          = 1044381696                             {manageable} {ergonomic}
     bool UseCompressedClassPointers               = true                           {product lp64_product} {ergonomic}
     bool UseCompressedOops                        = true                           {product lp64_product} {ergonomic}
     bool UseG1GC                                  = true                                      {product} {ergonomic}
     bool UseLargePagesIndividualAllocation        = false                                  {pd product} {ergonomic}

Logging:
Log output configuration:
 #0: stdout all=warning uptime,level,tags foldmultilines=false
 #1: stderr all=off uptime,level,tags foldmultilines=false

Environment Variables:
PATH=C:/Program Files/Java/jdk-18.0.1.1/bin/server;C:/Program Files/Java/jdk-18.0.1.1/bin;C:\Program Files\Common Files\Oracle\Java\javapath;C:\Windows\system32;C:\Windows;C:\Windows\System32\Wbem;C:\Windows\System32\WindowsPowerShell\v1.0\;C:\Windows\System32\OpenSSH\;C:\Program Files (x86)\Micro Focus\LoadRunner\bin\Silk\Silk Performer 21.0;C:\strawberry\c\bin;C:\strawberry\perl\bin;C:\Program Files\Java\jdk-18.0.1.1\bin;C:\Users\shilp\OneDrive\Desktop;
USERNAME=shilp
OS=Windows_NT
PROCESSOR_IDENTIFIER=Intel64 Family 6 Model 78 Stepping 3, GenuineIntel



---------------  S Y S T E M  ---------------

OS:
 Windows 10 , 64 bit Build 19041 (10.0.19041.1645)
OS uptime: 0 days 21:43 hours

CPU: total 4 (initial active 4) (2 cores per cpu, 2 threads per core) family 6 model 78 stepping 3 microcode 0xcc, cx8, cmov, fxsr, ht, mmx, 3dnowpref, sse, sse2, sse3, ssse3, sse4.1, sse4.2, popcnt, lzcnt, tsc, tscinvbit, avx, avx2, aes, erms, clmul, bmi1, bmi2, rtm, adx, fma, vzeroupper, clflush, clflushopt

Memory: 4k page, system-wide physical 3983M (319M free)
TotalPageFile size 11469M (AvailPageFile size 56M)
current process WorkingSet (physical memory assigned to process): 131M, peak: 133M
current process commit charge ("private bytes"): 182M, peak: 186M

vm_info: Java HotSpot(TM) 64-Bit Server VM (18.0.1.1+2-6) for windows-amd64 JRE (18.0.1.1+2-6), built on Apr 25 2022 21:53:15 by "mach5one" with MS VC++ 16.8 / 16.9 (VS2019)

END.
